[2.262s] DEBUG:colcon:Command line arguments: ['/usr/bin/colcon', 'build']
[2.263s] DEBUG:colcon:Parsed command line arguments: Namespace(allow_overriding=[], ament_cmake_args=None, base_paths=['.'], build_base='build', catkin_cmake_args=None, catkin_skip_building_tests=False, cmake_args=None, cmake_clean_cache=False, cmake_clean_first=False, cmake_force_configure=False, cmake_target=None, cmake_target_skip_unavailable=False, continue_on_error=False, event_handlers=None, executor='parallel', ignore_user_meta=False, install_base='install', log_base=None, log_level=None, main=<bound method BuildVerb.main of <colcon_core.verb.build.BuildVerb object at 0x7f8ec7c1b550>>, merge_install=False, metas=['./colcon.meta'], packages_above=None, packages_above_and_dependencies=None, packages_above_depth=None, packages_end=None, packages_ignore=None, packages_ignore_regex=None, packages_select=None, packages_select_build_failed=False, packages_select_by_dep=None, packages_select_regex=None, packages_select_test_failures=False, packages_skip=None, packages_skip_build_finished=False, packages_skip_by_dep=None, packages_skip_regex=None, packages_skip_test_passed=False, packages_skip_up_to=None, packages_start=None, packages_up_to=None, packages_up_to_regex=None, parallel_workers=8, paths=None, symlink_install=False, test_result_base=None, verb_extension=<colcon_core.verb.build.BuildVerb object at 0x7f8ec7c1b550>, verb_name='build', verb_parser=<colcon_defaults.argument_parser.defaults.DefaultArgumentsDecorator object at 0x7f8ec780e280>)
[2.351s] Level 1:colcon.colcon_core.package_discovery:discover_packages(colcon_meta) check parameters
[2.351s] Level 1:colcon.colcon_core.package_discovery:discover_packages(recursive) check parameters
[2.351s] Level 1:colcon.colcon_core.package_discovery:discover_packages(ignore) check parameters
[2.351s] Level 1:colcon.colcon_core.package_discovery:discover_packages(path) check parameters
[2.351s] Level 1:colcon.colcon_core.package_discovery:discover_packages(colcon_meta) discover
[2.351s] Level 1:colcon.colcon_core.package_discovery:discover_packages(recursive) discover
[2.351s] INFO:colcon.colcon_core.package_discovery:Crawling recursively for packages in '/root/ros2_ws/src/mypkg'
[2.352s] Level 1:colcon.colcon_core.package_identification:_identify(.) by extensions ['ignore', 'ignore_ament_install']
[2.352s] Level 1:colcon.colcon_core.package_identification:_identify(.) by extension 'ignore'
[2.352s] Level 1:colcon.colcon_core.package_identification:_identify(.) by extension 'ignore_ament_install'
[2.352s] Level 1:colcon.colcon_core.package_identification:_identify(.) by extensions ['colcon_pkg']
[2.352s] Level 1:colcon.colcon_core.package_identification:_identify(.) by extension 'colcon_pkg'
[2.352s] Level 1:colcon.colcon_core.package_identification:_identify(.) by extensions ['colcon_meta']
[2.352s] Level 1:colcon.colcon_core.package_identification:_identify(.) by extension 'colcon_meta'
[2.352s] Level 1:colcon.colcon_core.package_identification:_identify(.) by extensions ['ros']
[2.352s] Level 1:colcon.colcon_core.package_identification:_identify(.) by extension 'ros'
[2.368s] DEBUG:colcon.colcon_core.package_identification:Package '.' with type 'ros.ament_python' and name 'mypkg'
[2.368s] Level 1:colcon.colcon_core.package_discovery:discover_packages(recursive) using defaults
[2.368s] Level 1:colcon.colcon_core.package_discovery:discover_packages(ignore) discover
[2.368s] Level 1:colcon.colcon_core.package_discovery:discover_packages(ignore) using defaults
[2.368s] Level 1:colcon.colcon_core.package_discovery:discover_packages(path) discover
[2.368s] Level 1:colcon.colcon_core.package_discovery:discover_packages(path) using defaults
[2.550s] Level 1:colcon.colcon_core.package_discovery:discover_packages(prefix_path) check parameters
[2.550s] Level 1:colcon.colcon_core.package_discovery:discover_packages(prefix_path) discover
[2.616s] DEBUG:colcon.colcon_installed_package_information.package_discovery:Found 1 installed packages in /root/ros2_ws/install
[2.651s] DEBUG:colcon.colcon_installed_package_information.package_discovery:Found 256 installed packages in /opt/ros/foxy
[2.653s] Level 1:colcon.colcon_core.package_discovery:discover_packages(prefix_path) using defaults
[2.823s] Level 5:colcon.colcon_core.verb:set package 'mypkg' build argument 'cmake_args' from command line to 'None'
[2.823s] Level 5:colcon.colcon_core.verb:set package 'mypkg' build argument 'cmake_target' from command line to 'None'
[2.823s] Level 5:colcon.colcon_core.verb:set package 'mypkg' build argument 'cmake_target_skip_unavailable' from command line to 'False'
[2.823s] Level 5:colcon.colcon_core.verb:set package 'mypkg' build argument 'cmake_clean_cache' from command line to 'False'
[2.823s] Level 5:colcon.colcon_core.verb:set package 'mypkg' build argument 'cmake_clean_first' from command line to 'False'
[2.823s] Level 5:colcon.colcon_core.verb:set package 'mypkg' build argument 'cmake_force_configure' from command line to 'False'
[2.824s] Level 5:colcon.colcon_core.verb:set package 'mypkg' build argument 'ament_cmake_args' from command line to 'None'
[2.824s] Level 5:colcon.colcon_core.verb:set package 'mypkg' build argument 'catkin_cmake_args' from command line to 'None'
[2.824s] Level 5:colcon.colcon_core.verb:set package 'mypkg' build argument 'catkin_skip_building_tests' from command line to 'False'
[2.824s] DEBUG:colcon.colcon_core.verb:Building package 'mypkg' with the following arguments: {'ament_cmake_args': None, 'build_base': '/root/ros2_ws/src/mypkg/build/mypkg', 'catkin_cmake_args': None, 'catkin_skip_building_tests': False, 'cmake_args': None, 'cmake_clean_cache': False, 'cmake_clean_first': False, 'cmake_force_configure': False, 'cmake_target': None, 'cmake_target_skip_unavailable': False, 'install_base': '/root/ros2_ws/src/mypkg/install/mypkg', 'merge_install': False, 'path': '/root/ros2_ws/src/mypkg', 'symlink_install': False, 'test_result_base': None}
[2.855s] INFO:colcon.colcon_core.executor:Executing jobs using 'parallel' executor
[2.890s] DEBUG:colcon.colcon_parallel_executor.executor.parallel:run_until_complete
[2.891s] INFO:colcon.colcon_ros.task.ament_python.build:Building ROS package in '/root/ros2_ws/src/mypkg' with build type 'ament_python'
[2.891s] Level 1:colcon.colcon_core.shell:create_environment_hook('mypkg', 'ament_prefix_path')
[2.928s] INFO:colcon.colcon_core.plugin_system:Skipping extension 'colcon_core.shell.bat': Not used on non-Windows systems
[2.929s] INFO:colcon.colcon_core.shell:Creating environment hook '/root/ros2_ws/src/mypkg/install/mypkg/share/mypkg/hook/ament_prefix_path.ps1'
[2.929s] INFO:colcon.colcon_core.shell:Creating environment descriptor '/root/ros2_ws/src/mypkg/install/mypkg/share/mypkg/hook/ament_prefix_path.dsv'
[2.930s] INFO:colcon.colcon_core.shell:Creating environment hook '/root/ros2_ws/src/mypkg/install/mypkg/share/mypkg/hook/ament_prefix_path.sh'
[2.964s] INFO:colcon.colcon_core.shell:Skip shell extension 'powershell' for command environment: Not usable outside of PowerShell
[2.965s] DEBUG:colcon.colcon_core.shell:Skip shell extension 'dsv' for command environment
[3.286s] INFO:colcon.colcon_core.task.python.build:Building Python package in '/root/ros2_ws/src/mypkg'
[3.324s] INFO:colcon.colcon_core.shell:Skip shell extension 'powershell' for command environment: Not usable outside of PowerShell
[3.324s] DEBUG:colcon.colcon_core.shell:Skip shell extension 'dsv' for command environment
[3.829s] DEBUG:colcon.colcon_core.event_handler.log_command:Invoking command in '/root/ros2_ws/src/mypkg': PYTHONPATH=/root/ros2_ws/src/mypkg/build/mypkg/prefix_override:/root/ros2_ws/src/mypkg/install/mypkg/lib/python3.8/site-packages:${PYTHONPATH} /usr/bin/python3 setup.py egg_info --egg-base build/mypkg build --build-base /root/ros2_ws/src/mypkg/build/mypkg/build install --record /root/ros2_ws/src/mypkg/build/mypkg/install.log --install-scripts $base/lib/mypkg --single-version-externally-managed
[4.132s] DEBUG:colcon.colcon_core.event_handler.log_command:Invoked command in '/root/ros2_ws/src/mypkg' returned '0': PYTHONPATH=/root/ros2_ws/src/mypkg/build/mypkg/prefix_override:/root/ros2_ws/src/mypkg/install/mypkg/lib/python3.8/site-packages:${PYTHONPATH} /usr/bin/python3 setup.py egg_info --egg-base build/mypkg build --build-base /root/ros2_ws/src/mypkg/build/mypkg/build install --record /root/ros2_ws/src/mypkg/build/mypkg/install.log --install-scripts $base/lib/mypkg --single-version-externally-managed
[4.167s] Level 1:colcon.colcon_core.environment:checking '/root/ros2_ws/src/mypkg/install/mypkg' for CMake module files
[4.168s] Level 1:colcon.colcon_core.environment:checking '/root/ros2_ws/src/mypkg/install/mypkg' for CMake config files
[4.168s] Level 1:colcon.colcon_core.environment:checking '/root/ros2_ws/src/mypkg/install/mypkg/lib'
[4.169s] Level 1:colcon.colcon_core.environment:checking '/root/ros2_ws/src/mypkg/install/mypkg/bin'
[4.169s] Level 1:colcon.colcon_core.environment:checking '/root/ros2_ws/src/mypkg/install/mypkg/lib/pkgconfig/mypkg.pc'
[4.169s] Level 1:colcon.colcon_core.environment:checking '/root/ros2_ws/src/mypkg/install/mypkg/lib/python3.8/site-packages'
[4.169s] Level 1:colcon.colcon_core.shell:create_environment_hook('mypkg', 'pythonpath')
[4.202s] INFO:colcon.colcon_core.shell:Creating environment hook '/root/ros2_ws/src/mypkg/install/mypkg/share/mypkg/hook/pythonpath.ps1'
[4.203s] INFO:colcon.colcon_core.shell:Creating environment descriptor '/root/ros2_ws/src/mypkg/install/mypkg/share/mypkg/hook/pythonpath.dsv'
[4.203s] INFO:colcon.colcon_core.shell:Creating environment hook '/root/ros2_ws/src/mypkg/install/mypkg/share/mypkg/hook/pythonpath.sh'
[4.204s] Level 1:colcon.colcon_core.environment:checking '/root/ros2_ws/src/mypkg/install/mypkg/bin'
[4.204s] Level 1:colcon.colcon_core.environment:create_environment_scripts_only(mypkg)
[4.239s] INFO:colcon.colcon_core.shell:Creating package script '/root/ros2_ws/src/mypkg/install/mypkg/share/mypkg/package.ps1'
[4.240s] INFO:colcon.colcon_core.shell:Creating package descriptor '/root/ros2_ws/src/mypkg/install/mypkg/share/mypkg/package.dsv'
[4.241s] INFO:colcon.colcon_core.shell:Creating package script '/root/ros2_ws/src/mypkg/install/mypkg/share/mypkg/package.sh'
[4.242s] INFO:colcon.colcon_core.shell:Creating package script '/root/ros2_ws/src/mypkg/install/mypkg/share/mypkg/package.bash'
[4.243s] INFO:colcon.colcon_core.shell:Creating package script '/root/ros2_ws/src/mypkg/install/mypkg/share/mypkg/package.zsh'
[4.244s] Level 1:colcon.colcon_core.environment:create_file_with_runtime_dependencies(/root/ros2_ws/src/mypkg/install/mypkg/share/colcon-core/packages/mypkg)
[4.244s] DEBUG:colcon.colcon_parallel_executor.executor.parallel:closing loop
[4.245s] DEBUG:colcon.colcon_parallel_executor.executor.parallel:loop closed
[4.246s] DEBUG:colcon.colcon_parallel_executor.executor.parallel:run_until_complete finished with '0'
[4.246s] DEBUG:colcon.colcon_core.event_reactor:joining thread
[4.339s] INFO:colcon.colcon_core.plugin_system:Skipping extension 'colcon_notification.desktop_notification.notify_send': Could not find 'notify-send'
[4.339s] INFO:colcon.colcon_core.plugin_system:Skipping extension 'colcon_notification.desktop_notification.terminal_notifier': Not used on non-Darwin systems
[4.339s] INFO:colcon.colcon_core.plugin_system:Skipping extension 'colcon_notification.desktop_notification.win32': Not used on non-Windows systems
[4.339s] INFO:colcon.colcon_notification.desktop_notification:Sending desktop notification using 'notify2'
[4.347s] DEBUG:colcon.colcon_notification.desktop_notification.notify2:Failed to initialize notify2: org.freedesktop.DBus.Error.ServiceUnknown: The name org.freedesktop.Notifications was not provided by any .service files
[4.347s] DEBUG:colcon.colcon_core.event_reactor:joined thread
[4.401s] INFO:colcon.colcon_core.shell:Creating prefix script '/root/ros2_ws/src/mypkg/install/local_setup.ps1'
[4.402s] INFO:colcon.colcon_core.shell:Creating prefix util module '/root/ros2_ws/src/mypkg/install/_local_setup_util_ps1.py'
[4.404s] INFO:colcon.colcon_core.shell:Creating prefix chain script '/root/ros2_ws/src/mypkg/install/setup.ps1'
[4.436s] INFO:colcon.colcon_core.shell:Creating prefix script '/root/ros2_ws/src/mypkg/install/local_setup.sh'
[4.437s] INFO:colcon.colcon_core.shell:Creating prefix util module '/root/ros2_ws/src/mypkg/install/_local_setup_util_sh.py'
[4.438s] INFO:colcon.colcon_core.shell:Creating prefix chain script '/root/ros2_ws/src/mypkg/install/setup.sh'
[4.472s] INFO:colcon.colcon_core.shell:Creating prefix script '/root/ros2_ws/src/mypkg/install/local_setup.bash'
[4.473s] INFO:colcon.colcon_core.shell:Creating prefix chain script '/root/ros2_ws/src/mypkg/install/setup.bash'
[4.510s] INFO:colcon.colcon_core.shell:Creating prefix script '/root/ros2_ws/src/mypkg/install/local_setup.zsh'
[4.511s] INFO:colcon.colcon_core.shell:Creating prefix chain script '/root/ros2_ws/src/mypkg/install/setup.zsh'
