[0.937s] Invoking command in '/root/ros2_ws/src/mypkg': PYTHONPATH=/root/ros2_ws/src/mypkg/build/mypkg/prefix_override:/root/ros2_ws/src/mypkg/install/mypkg/lib/python3.8/site-packages:${PYTHONPATH} /usr/bin/python3 setup.py egg_info --egg-base build/mypkg build --build-base /root/ros2_ws/src/mypkg/build/mypkg/build install --record /root/ros2_ws/src/mypkg/build/mypkg/install.log --install-scripts $base/lib/mypkg --single-version-externally-managed
[1.154s] running egg_info
[1.155s] writing build/mypkg/mypkg.egg-info/PKG-INFO
[1.156s] writing dependency_links to build/mypkg/mypkg.egg-info/dependency_links.txt
[1.156s] writing entry points to build/mypkg/mypkg.egg-info/entry_points.txt
[1.156s] writing requirements to build/mypkg/mypkg.egg-info/requires.txt
[1.156s] writing top-level names to build/mypkg/mypkg.egg-info/top_level.txt
[1.193s] reading manifest file 'build/mypkg/mypkg.egg-info/SOURCES.txt'
[1.194s] writing manifest file 'build/mypkg/mypkg.egg-info/SOURCES.txt'
[1.195s] running build
[1.195s] running build_py
[1.195s] running install
[1.196s] running install_lib
[1.197s] running install_data
[1.198s] running install_egg_info
[1.200s] removing '/root/ros2_ws/src/mypkg/install/mypkg/lib/python3.8/site-packages/mypkg-0.0.0-py3.8.egg-info' (and everything under it)
[1.200s] Copying build/mypkg/mypkg.egg-info to /root/ros2_ws/src/mypkg/install/mypkg/lib/python3.8/site-packages/mypkg-0.0.0-py3.8.egg-info
[1.201s] running install_scripts
[1.219s] Installing listener script to /root/ros2_ws/src/mypkg/install/mypkg/lib/mypkg
[1.219s] Installing talker script to /root/ros2_ws/src/mypkg/install/mypkg/lib/mypkg
[1.220s] writing list of installed files to '/root/ros2_ws/src/mypkg/build/mypkg/install.log'
[1.240s] Invoked command in '/root/ros2_ws/src/mypkg' returned '0': PYTHONPATH=/root/ros2_ws/src/mypkg/build/mypkg/prefix_override:/root/ros2_ws/src/mypkg/install/mypkg/lib/python3.8/site-packages:${PYTHONPATH} /usr/bin/python3 setup.py egg_info --egg-base build/mypkg build --build-base /root/ros2_ws/src/mypkg/build/mypkg/build install --record /root/ros2_ws/src/mypkg/build/mypkg/install.log --install-scripts $base/lib/mypkg --single-version-externally-managed
