[0.956s] Invoking command in '/root/ros2_ws/src/mypkg': PYTHONPATH=/root/ros2_ws/src/mypkg/build/mypkg/prefix_override:/root/ros2_ws/src/mypkg/install/mypkg/lib/python3.8/site-packages:${PYTHONPATH} /usr/bin/python3 setup.py egg_info --egg-base build/mypkg build --build-base /root/ros2_ws/src/mypkg/build/mypkg/build install --record /root/ros2_ws/src/mypkg/build/mypkg/install.log --install-scripts $base/lib/mypkg --single-version-externally-managed
[1.170s] running egg_info
[1.170s] writing build/mypkg/mypkg.egg-info/PKG-INFO
[1.171s] writing dependency_links to build/mypkg/mypkg.egg-info/dependency_links.txt
[1.171s] writing entry points to build/mypkg/mypkg.egg-info/entry_points.txt
[1.171s] writing requirements to build/mypkg/mypkg.egg-info/requires.txt
[1.171s] writing top-level names to build/mypkg/mypkg.egg-info/top_level.txt
[1.208s] reading manifest file 'build/mypkg/mypkg.egg-info/SOURCES.txt'
[1.209s] writing manifest file 'build/mypkg/mypkg.egg-info/SOURCES.txt'
[1.209s] running build
[1.209s] running build_py
[1.210s] running install
[1.210s] running install_lib
[1.211s] running install_data
[1.212s] copying launch/talk_listen.launch.py -> /root/ros2_ws/src/mypkg/install/mypkg/share/mypkg
[1.212s] running install_egg_info
[1.214s] removing '/root/ros2_ws/src/mypkg/install/mypkg/lib/python3.8/site-packages/mypkg-0.0.0-py3.8.egg-info' (and everything under it)
[1.214s] Copying build/mypkg/mypkg.egg-info to /root/ros2_ws/src/mypkg/install/mypkg/lib/python3.8/site-packages/mypkg-0.0.0-py3.8.egg-info
[1.215s] running install_scripts
[1.231s] Installing talker = mypkg.talker:mainlistener script to /root/ros2_ws/src/mypkg/install/mypkg/lib/mypkg
[1.232s] writing list of installed files to '/root/ros2_ws/src/mypkg/build/mypkg/install.log'
[1.254s] Invoked command in '/root/ros2_ws/src/mypkg' returned '0': PYTHONPATH=/root/ros2_ws/src/mypkg/build/mypkg/prefix_override:/root/ros2_ws/src/mypkg/install/mypkg/lib/python3.8/site-packages:${PYTHONPATH} /usr/bin/python3 setup.py egg_info --egg-base build/mypkg build --build-base /root/ros2_ws/src/mypkg/build/mypkg/build install --record /root/ros2_ws/src/mypkg/build/mypkg/install.log --install-scripts $base/lib/mypkg --single-version-externally-managed
