[0.978s] Invoking command in '/root/ros2_ws/src/mypkg': PYTHONPATH=/root/ros2_ws/src/mypkg/build/mypkg/prefix_override:/root/ros2_ws/src/mypkg/install/mypkg/lib/python3.8/site-packages:${PYTHONPATH} /usr/bin/python3 setup.py egg_info --egg-base build/mypkg build --build-base /root/ros2_ws/src/mypkg/build/mypkg/build install --record /root/ros2_ws/src/mypkg/build/mypkg/install.log --install-scripts $base/lib/mypkg --single-version-externally-managed
[1.191s] running egg_info
[1.193s] writing build/mypkg/mypkg.egg-info/PKG-INFO
[1.193s] writing dependency_links to build/mypkg/mypkg.egg-info/dependency_links.txt
[1.194s] writing entry points to build/mypkg/mypkg.egg-info/entry_points.txt
[1.194s] writing requirements to build/mypkg/mypkg.egg-info/requires.txt
[1.194s] writing top-level names to build/mypkg/mypkg.egg-info/top_level.txt
[1.230s] reading manifest file 'build/mypkg/mypkg.egg-info/SOURCES.txt'
[1.231s] writing manifest file 'build/mypkg/mypkg.egg-info/SOURCES.txt'
[1.232s] running build
[1.232s] running build_py
[1.232s] running install
[1.233s] running install_lib
[1.234s] running install_data
[1.235s] copying package.xml -> /root/ros2_ws/src/mypkg/install/mypkg/share/mypkg
[1.235s] creating /root/ros2_ws/src/mypkg/install/mypkg/src
[1.235s] creating /root/ros2_ws/src/mypkg/install/mypkg/src/mypkg
[1.236s] copying launch/talk_listen.launch.py -> /root/ros2_ws/src/mypkg/install/mypkg/src/mypkg
[1.236s] running install_egg_info
[1.237s] removing '/root/ros2_ws/src/mypkg/install/mypkg/lib/python3.8/site-packages/mypkg-0.0.0-py3.8.egg-info' (and everything under it)
[1.238s] Copying build/mypkg/mypkg.egg-info to /root/ros2_ws/src/mypkg/install/mypkg/lib/python3.8/site-packages/mypkg-0.0.0-py3.8.egg-info
[1.239s] running install_scripts
[1.258s] Installing talker script to /root/ros2_ws/src/mypkg/install/mypkg/lib/mypkg
[1.259s] writing list of installed files to '/root/ros2_ws/src/mypkg/build/mypkg/install.log'
[1.279s] Invoked command in '/root/ros2_ws/src/mypkg' returned '0': PYTHONPATH=/root/ros2_ws/src/mypkg/build/mypkg/prefix_override:/root/ros2_ws/src/mypkg/install/mypkg/lib/python3.8/site-packages:${PYTHONPATH} /usr/bin/python3 setup.py egg_info --egg-base build/mypkg build --build-base /root/ros2_ws/src/mypkg/build/mypkg/build install --record /root/ros2_ws/src/mypkg/build/mypkg/install.log --install-scripts $base/lib/mypkg --single-version-externally-managed
