[0.562s] Invoking command in '/root/ros2_ws/src/mypkg': PYTHONPATH=/root/ros2_ws/build/mypkg/prefix_override:/root/ros2_ws/install/mypkg/lib/python3.8/site-packages:${PYTHONPATH} /usr/bin/python3 setup.py egg_info --egg-base ../../build/mypkg build --build-base /root/ros2_ws/build/mypkg/build install --record /root/ros2_ws/build/mypkg/install.log --install-scripts $base/lib/mypkg --single-version-externally-managed
[0.694s] running egg_info
[0.694s] writing ../../build/mypkg/mypkg.egg-info/PKG-INFO
[0.694s] writing dependency_links to ../../build/mypkg/mypkg.egg-info/dependency_links.txt
[0.695s] writing entry points to ../../build/mypkg/mypkg.egg-info/entry_points.txt
[0.695s] writing requirements to ../../build/mypkg/mypkg.egg-info/requires.txt
[0.695s] writing top-level names to ../../build/mypkg/mypkg.egg-info/top_level.txt
[0.716s] reading manifest file '../../build/mypkg/mypkg.egg-info/SOURCES.txt'
[0.717s] writing manifest file '../../build/mypkg/mypkg.egg-info/SOURCES.txt'
[0.717s] running build
[0.717s] running build_py
[0.717s] copying mypkg/talker.py -> /root/ros2_ws/build/mypkg/build/lib/mypkg
[0.717s] running install
[0.718s] running install_lib
[0.718s] copying /root/ros2_ws/build/mypkg/build/lib/mypkg/talker.py -> /root/ros2_ws/install/mypkg/lib/python3.8/site-packages/mypkg
[0.719s] byte-compiling /root/ros2_ws/install/mypkg/lib/python3.8/site-packages/mypkg/talker.py to talker.cpython-38.pyc
[0.720s] running install_data
[0.720s]   File "/root/ros2_ws/install/mypkg/lib/python3.8/site-packages/mypkg/talker.py", line 1
[0.720s]     improt rclpy
[0.720s]            ^
[0.720s] SyntaxError: invalid syntax
[0.720s] 
[0.720s] running install_egg_info
[0.721s] removing '/root/ros2_ws/install/mypkg/lib/python3.8/site-packages/mypkg-0.0.0-py3.8.egg-info' (and everything under it)
[0.721s] Copying ../../build/mypkg/mypkg.egg-info to /root/ros2_ws/install/mypkg/lib/python3.8/site-packages/mypkg-0.0.0-py3.8.egg-info
[0.722s] running install_scripts
[0.734s] writing list of installed files to '/root/ros2_ws/build/mypkg/install.log'
[0.747s] Invoked command in '/root/ros2_ws/src/mypkg' returned '0': PYTHONPATH=/root/ros2_ws/build/mypkg/prefix_override:/root/ros2_ws/install/mypkg/lib/python3.8/site-packages:${PYTHONPATH} /usr/bin/python3 setup.py egg_info --egg-base ../../build/mypkg build --build-base /root/ros2_ws/build/mypkg/build install --record /root/ros2_ws/build/mypkg/install.log --install-scripts $base/lib/mypkg --single-version-externally-managed
