[1.373s] Invoking command in '/root/ros2_ws/src/mypkg': PYTHONPATH=/root/ros2_ws/src/mypkg/build/mypkg/prefix_override:/root/ros2_ws/src/mypkg/install/mypkg/lib/python3.8/site-packages:${PYTHONPATH} /usr/bin/python3 setup.py egg_info --egg-base build/mypkg build --build-base /root/ros2_ws/src/mypkg/build/mypkg/build install --record /root/ros2_ws/src/mypkg/build/mypkg/install.log --install-scripts $base/lib/mypkg --single-version-externally-managed
[1.580s] running egg_info
[1.581s] creating build/mypkg/mypkg.egg-info
[1.581s] writing build/mypkg/mypkg.egg-info/PKG-INFO
[1.581s] writing dependency_links to build/mypkg/mypkg.egg-info/dependency_links.txt
[1.582s] writing entry points to build/mypkg/mypkg.egg-info/entry_points.txt
[1.582s] writing requirements to build/mypkg/mypkg.egg-info/requires.txt
[1.582s] writing top-level names to build/mypkg/mypkg.egg-info/top_level.txt
[1.601s] writing manifest file 'build/mypkg/mypkg.egg-info/SOURCES.txt'
[1.638s] reading manifest file 'build/mypkg/mypkg.egg-info/SOURCES.txt'
[1.639s] writing manifest file 'build/mypkg/mypkg.egg-info/SOURCES.txt'
[1.639s] running build
[1.639s] running build_py
[1.640s] creating /root/ros2_ws/src/mypkg/build/mypkg/build
[1.640s] creating /root/ros2_ws/src/mypkg/build/mypkg/build/lib
[1.640s] creating /root/ros2_ws/src/mypkg/build/mypkg/build/lib/mypkg
[1.640s] copying mypkg/talker.py -> /root/ros2_ws/src/mypkg/build/mypkg/build/lib/mypkg
[1.641s] copying mypkg/__init__.py -> /root/ros2_ws/src/mypkg/build/mypkg/build/lib/mypkg
[1.641s] running install
[1.642s] running install_lib
[1.643s] creating /root/ros2_ws/src/mypkg/install/mypkg/lib/python3.8/site-packages/mypkg
[1.643s] copying /root/ros2_ws/src/mypkg/build/mypkg/build/lib/mypkg/talker.py -> /root/ros2_ws/src/mypkg/install/mypkg/lib/python3.8/site-packages/mypkg
[1.644s] copying /root/ros2_ws/src/mypkg/build/mypkg/build/lib/mypkg/__init__.py -> /root/ros2_ws/src/mypkg/install/mypkg/lib/python3.8/site-packages/mypkg
[1.644s] byte-compiling /root/ros2_ws/src/mypkg/install/mypkg/lib/python3.8/site-packages/mypkg/talker.py to talker.cpython-38.pyc
[1.645s] byte-compiling /root/ros2_ws/src/mypkg/install/mypkg/lib/python3.8/site-packages/mypkg/__init__.py to __init__.cpython-38.pyc
[1.645s] running install_data
[1.646s] creating /root/ros2_ws/src/mypkg/install/mypkg/share/ament_index
[1.646s] creating /root/ros2_ws/src/mypkg/install/mypkg/share/ament_index/resource_index
[1.647s] creating /root/ros2_ws/src/mypkg/install/mypkg/share/ament_index/resource_index/packages
[1.647s] copying resource/mypkg -> /root/ros2_ws/src/mypkg/install/mypkg/share/ament_index/resource_index/packages
[1.647s] copying package.xml -> /root/ros2_ws/src/mypkg/install/mypkg/share/mypkg
[1.647s] running install_egg_info
[1.650s] Copying build/mypkg/mypkg.egg-info to /root/ros2_ws/src/mypkg/install/mypkg/lib/python3.8/site-packages/mypkg-0.0.0-py3.8.egg-info
[1.650s] running install_scripts
[1.669s] Installing talker = mypkg.talker:mainlistener script to /root/ros2_ws/src/mypkg/install/mypkg/lib/mypkg
[1.669s] writing list of installed files to '/root/ros2_ws/src/mypkg/build/mypkg/install.log'
[1.690s] Invoked command in '/root/ros2_ws/src/mypkg' returned '0': PYTHONPATH=/root/ros2_ws/src/mypkg/build/mypkg/prefix_override:/root/ros2_ws/src/mypkg/install/mypkg/lib/python3.8/site-packages:${PYTHONPATH} /usr/bin/python3 setup.py egg_info --egg-base build/mypkg build --build-base /root/ros2_ws/src/mypkg/build/mypkg/build install --record /root/ros2_ws/src/mypkg/build/mypkg/install.log --install-scripts $base/lib/mypkg --single-version-externally-managed
