[0.515s] Invoking command in '/root/ros2_ws/src/mypkg': PYTHONPATH=/root/ros2_ws/build/mypkg/prefix_override:/root/ros2_ws/install/mypkg/lib/python3.8/site-packages:${PYTHONPATH} /usr/bin/python3 setup.py egg_info --egg-base ../../build/mypkg build --build-base /root/ros2_ws/build/mypkg/build install --record /root/ros2_ws/build/mypkg/install.log --install-scripts $base/lib/mypkg --single-version-externally-managed
[0.646s] running egg_info
[0.646s] creating ../../build/mypkg/mypkg.egg-info
[0.646s] writing ../../build/mypkg/mypkg.egg-info/PKG-INFO
[0.646s] writing dependency_links to ../../build/mypkg/mypkg.egg-info/dependency_links.txt
[0.647s] writing entry points to ../../build/mypkg/mypkg.egg-info/entry_points.txt
[0.647s] writing requirements to ../../build/mypkg/mypkg.egg-info/requires.txt
[0.647s] writing top-level names to ../../build/mypkg/mypkg.egg-info/top_level.txt
[0.647s] writing manifest file '../../build/mypkg/mypkg.egg-info/SOURCES.txt'
[0.670s] reading manifest file '../../build/mypkg/mypkg.egg-info/SOURCES.txt'
[0.671s] writing manifest file '../../build/mypkg/mypkg.egg-info/SOURCES.txt'
[0.671s] running build
[0.671s] running build_py
[0.672s] creating /root/ros2_ws/build/mypkg/build
[0.672s] creating /root/ros2_ws/build/mypkg/build/lib
[0.672s] creating /root/ros2_ws/build/mypkg/build/lib/mypkg
[0.672s] copying mypkg/__init__.py -> /root/ros2_ws/build/mypkg/build/lib/mypkg
[0.672s] running install
[0.672s] running install_lib
[0.674s] creating /root/ros2_ws/install/mypkg/lib/python3.8/site-packages/mypkg
[0.674s] copying /root/ros2_ws/build/mypkg/build/lib/mypkg/__init__.py -> /root/ros2_ws/install/mypkg/lib/python3.8/site-packages/mypkg
[0.674s] byte-compiling /root/ros2_ws/install/mypkg/lib/python3.8/site-packages/mypkg/__init__.py to __init__.cpython-38.pyc
[0.675s] running install_data
[0.676s] creating /root/ros2_ws/install/mypkg/share/ament_index
[0.676s] creating /root/ros2_ws/install/mypkg/share/ament_index/resource_index
[0.676s] creating /root/ros2_ws/install/mypkg/share/ament_index/resource_index/packages
[0.676s] copying resource/mypkg -> /root/ros2_ws/install/mypkg/share/ament_index/resource_index/packages
[0.676s] copying package.xml -> /root/ros2_ws/install/mypkg/share/mypkg
[0.676s] running install_egg_info
[0.677s] Copying ../../build/mypkg/mypkg.egg-info to /root/ros2_ws/install/mypkg/lib/python3.8/site-packages/mypkg-0.0.0-py3.8.egg-info
[0.678s] running install_scripts
[0.691s] writing list of installed files to '/root/ros2_ws/build/mypkg/install.log'
[0.708s] Invoked command in '/root/ros2_ws/src/mypkg' returned '0': PYTHONPATH=/root/ros2_ws/build/mypkg/prefix_override:/root/ros2_ws/install/mypkg/lib/python3.8/site-packages:${PYTHONPATH} /usr/bin/python3 setup.py egg_info --egg-base ../../build/mypkg build --build-base /root/ros2_ws/build/mypkg/build install --record /root/ros2_ws/build/mypkg/install.log --install-scripts $base/lib/mypkg --single-version-externally-managed
