[0.962s] Invoking command in '/root/ros2_ws/src/mypkg': PYTHONPATH=/root/ros2_ws/src/mypkg/build/mypkg/prefix_override:/root/ros2_ws/src/mypkg/install/mypkg/lib/python3.8/site-packages:${PYTHONPATH} /usr/bin/python3 setup.py egg_info --egg-base build/mypkg build --build-base /root/ros2_ws/src/mypkg/build/mypkg/build install --record /root/ros2_ws/src/mypkg/build/mypkg/install.log --install-scripts $base/lib/mypkg --single-version-externally-managed
[1.170s] running egg_info
[1.171s] writing build/mypkg/mypkg.egg-info/PKG-INFO
[1.171s] writing dependency_links to build/mypkg/mypkg.egg-info/dependency_links.txt
[1.171s] writing entry points to build/mypkg/mypkg.egg-info/entry_points.txt
[1.172s] writing requirements to build/mypkg/mypkg.egg-info/requires.txt
[1.172s] writing top-level names to build/mypkg/mypkg.egg-info/top_level.txt
[1.209s] reading manifest file 'build/mypkg/mypkg.egg-info/SOURCES.txt'
[1.210s] writing manifest file 'build/mypkg/mypkg.egg-info/SOURCES.txt'
[1.210s] running build
[1.210s] running build_py
[1.210s] copying mypkg/talker.py -> /root/ros2_ws/src/mypkg/build/mypkg/build/lib/mypkg
[1.210s] running install
[1.211s] running install_lib
[1.212s] copying /root/ros2_ws/src/mypkg/build/mypkg/build/lib/mypkg/talker.py -> /root/ros2_ws/src/mypkg/install/mypkg/lib/python3.8/site-packages/mypkg
[1.212s] byte-compiling /root/ros2_ws/src/mypkg/install/mypkg/lib/python3.8/site-packages/mypkg/talker.py to talker.cpython-38.pyc
[1.214s] running install_data
[1.214s] running install_egg_info
[1.216s] removing '/root/ros2_ws/src/mypkg/install/mypkg/lib/python3.8/site-packages/mypkg-0.0.0-py3.8.egg-info' (and everything under it)
[1.216s] Copying build/mypkg/mypkg.egg-info to /root/ros2_ws/src/mypkg/install/mypkg/lib/python3.8/site-packages/mypkg-0.0.0-py3.8.egg-info
[1.217s] running install_scripts
[1.237s] Installing listener script to /root/ros2_ws/src/mypkg/install/mypkg/lib/mypkg
[1.237s] Installing talker script to /root/ros2_ws/src/mypkg/install/mypkg/lib/mypkg
[1.238s] writing list of installed files to '/root/ros2_ws/src/mypkg/build/mypkg/install.log'
[1.258s] Invoked command in '/root/ros2_ws/src/mypkg' returned '0': PYTHONPATH=/root/ros2_ws/src/mypkg/build/mypkg/prefix_override:/root/ros2_ws/src/mypkg/install/mypkg/lib/python3.8/site-packages:${PYTHONPATH} /usr/bin/python3 setup.py egg_info --egg-base build/mypkg build --build-base /root/ros2_ws/src/mypkg/build/mypkg/build install --record /root/ros2_ws/src/mypkg/build/mypkg/install.log --install-scripts $base/lib/mypkg --single-version-externally-managed
